Arguments: 
  C:\Program Files\nodejs\node.exe C:\Users\liyueping\AppData\Roaming\npm\node_modules\yarn\bin\yarn.js start

PATH: 
  C:\Users\liyueping\bin;C:\Program Files\Git\mingw64\bin;C:\Program Files\Git\usr\local\bin;C:\Program Files\Git\usr\bin;C:\Program Files\Git\usr\bin;C:\Program Files\Git\mingw64\bin;C:\Program Files\Git\usr\bin;C:\Users\liyueping\bin;C:\Python310\Scripts;C:\Python310;C:\Python27;C:\Python27\Scripts;C:\Python39\Scripts;C:\Python39;C:\WINDOWS\system32;C:\WINDOWS;C:\WINDOWS\System32\Wbem;C:\WINDOWS\System32\WindowsPowerShell\v1.0;C:\WINDOWS\System32\OpenSSH;C:\ProgramData\chocolatey\bin;C:\Program Files\Microsoft VS Code\bin;C:\Program Files\Git\cmd;C:\Program Files (x86)\NetSarang\Xftp 7;C:\Program Files (x86)\NetSarang\Xshell 7;C:\nvm;C:\Program Files\nodejs;C:\Go\bin;C:\Users\liyueping\AppData\Local\Microsoft\WindowsApps;C:\Users\liyueping\AppData\Roaming\npm;C:\Python27;C:\nvm;C:\Program Files\nodejs;C:\sonar-scanner-3.3\bin;C:\Users\liyueping\.nowa-gui\installation\node_modules\.bin;C:\Users\liyueping\AppData\Local\Programs\nowa-gui-version\resources\app\node_modules\.bin;C:\Users\liyueping\AppData\Local\Programs\Hyper\resources\bin;C:\Users\liyueping\.deno\bin;C:\Users\liyueping\go\bin;C:\Program Files\apache-maven-3.8.3\bin;C:\Program Files\apache-maven-3.8.3\bin;C:\Program Files\Java\jdk1.8.0_311\bin;C:\protoc-3.19.1-win64\bin;C:\Program Files\Git\usr\bin\vendor_perl;C:\Program Files\Git\usr\bin\core_perl

Yarn version: 
  1.22.10

Node version: 
  16.3.0

Platform: 
  win32 x64

Trace: 
  SyntaxError: D:\MY CODE\vite-react-ts\demo\package.json: Unexpected token } in JSON at position 291
      at JSON.parse (<anonymous>)
      at C:\Users\liyueping\AppData\Roaming\npm\node_modules\yarn\lib\cli.js:1625:59
      at Generator.next (<anonymous>)
      at step (C:\Users\liyueping\AppData\Roaming\npm\node_modules\yarn\lib\cli.js:310:30)
      at C:\Users\liyueping\AppData\Roaming\npm\node_modules\yarn\lib\cli.js:321:13

npm manifest: 
  {
    "name": "git-grapg-demo",
    "version": "1.0.0",
    "scripts": {
      "dev": "vite",
      "build": "tsc && vite build",
      "serve": "vite preview"
    },
    "dependencies": {
      "react": "^17.0.0",
      "react-dom": "^17.0.0",
      "react-router": "^6.0.2",
      "react-router-dom": "^6.0.2",
    },
    "devDependencies": {
      "@types/react": "^17.0.0",
      "@types/react-dom": "^17.0.0",
      "@types/react-router-dom": "^5.3.2",
      "@typescript-eslint/eslint-plugin": "^5.4.0",
      "@typescript-eslint/parser": "^5.4.0",
      "@vitejs/plugin-react": "^1.0.0",
      "less": "^4.1.2",
      "typescript": "^4.3.2",
      "vite": "^2.6.4"
    }
  }

yarn manifest: 
  No manifest

Lockfile: 
  No lockfile
